Compiled application.js  (2ms)  (pid 23000)
Compiled jquery.js  (3ms)  (pid 23000)
Compiled jquery_ujs.js  (26ms)  (pid 23000)
Compiled bootstrap.js  (0ms)  (pid 23000)
Compiled home.js  (55ms)  (pid 23000)
Compiled password_resets.js  (0ms)  (pid 23000)
Compiled sessions.js  (0ms)  (pid 23000)
Compiled users.js  (1ms)  (pid 23000)
Compiled application.css  (2ms)  (pid 23000)
Compiled bootstrap-responsive.css  (0ms)  (pid 23000)
Compiled bootstrap.css  (0ms)  (pid 23000)
Compiled home.css  (8ms)  (pid 23000)
Compiled password_resets.css  (1ms)  (pid 23000)
Compiled sessions.css  (0ms)  (pid 23000)
Compiled users.css  (0ms)  (pid 23000)
Compiled application.js  (7ms)  (pid 22983)
Compiled jquery.js  (16ms)  (pid 22983)
Compiled jquery_ujs.js  (0ms)  (pid 22983)
Compiled bootstrap.js  (0ms)  (pid 22983)
Compiled home.js  (68ms)  (pid 22983)
Compiled password_resets.js  (1ms)  (pid 22983)
Compiled sessions.js  (0ms)  (pid 22983)
Compiled users.js  (1ms)  (pid 22983)
Compiled application.css  (1ms)  (pid 22983)
Compiled bootstrap-responsive.css  (0ms)  (pid 22983)
Compiled bootstrap.css  (1ms)  (pid 22983)
Compiled home.css  (45ms)  (pid 22983)
Compiled password_resets.css  (1ms)  (pid 22983)
Compiled sessions.css  (1ms)  (pid 22983)
Compiled users.css  (0ms)  (pid 22983)


Started GET "/" for 127.0.0.1 at 2012-09-09 01:56:37 +0400
  Processing by HomeController#wellcom as HTML
Rendered home/wellcom.html.erb within layouts/application (0.4ms)
Completed 200 OK in 99ms (Views: 73.9ms | ActiveRecord: 0.9ms)


Started GET "/assets/application-63a72b89dc45a107611d0f32b1c9ce5a.css" for 127.0.0.1 at 2012-09-09 01:56:38 +0400

ActionController::RoutingError (No route matches [GET] "/assets/application-63a72b89dc45a107611d0f32b1c9ce5a.css"):
  

Rendered /home/igel/.rvm/gems/ruby-1.9.3-p194@global/gems/actionpack-3.1.1/lib/action_dispatch/middleware/templates/rescues/routing_error.erb within rescues/layout (0.7ms)


Started GET "/assets/application-02bdbea4ba51d993d23840227970d9b6.js" for 127.0.0.1 at 2012-09-09 01:56:38 +0400

ActionController::RoutingError (No route matches [GET] "/assets/application-02bdbea4ba51d993d23840227970d9b6.js"):
  

Rendered /home/igel/.rvm/gems/ruby-1.9.3-p194@global/gems/actionpack-3.1.1/lib/action_dispatch/middleware/templates/rescues/routing_error.erb within rescues/layout (0.6ms)


Started GET "/assets/top-0cb5e81f14d3dcf517069a084574dafb.jpg" for 127.0.0.1 at 2012-09-09 01:56:38 +0400

ActionController::RoutingError (No route matches [GET] "/assets/top-0cb5e81f14d3dcf517069a084574dafb.jpg"):
  

Rendered /home/igel/.rvm/gems/ruby-1.9.3-p194@global/gems/actionpack-3.1.1/lib/action_dispatch/middleware/templates/rescues/routing_error.erb within rescues/layout (0.5ms)


Started GET "/assets/banner-ac76ebec76e44b8dab549b30916d60a7.jpg" for 127.0.0.1 at 2012-09-09 01:56:38 +0400

ActionController::RoutingError (No route matches [GET] "/assets/banner-ac76ebec76e44b8dab549b30916d60a7.jpg"):
  

Rendered /home/igel/.rvm/gems/ruby-1.9.3-p194@global/gems/actionpack-3.1.1/lib/action_dispatch/middleware/templates/rescues/routing_error.erb within rescues/layout (6.2ms)
Compiled application.js  (2ms)  (pid 23098)
Compiled jquery.js  (3ms)  (pid 23098)
Compiled jquery_ujs.js  (0ms)  (pid 23098)
Compiled bootstrap.js  (0ms)  (pid 23098)
Compiled home.js  (49ms)  (pid 23098)
Compiled password_resets.js  (0ms)  (pid 23098)
Compiled sessions.js  (0ms)  (pid 23098)
Compiled users.js  (1ms)  (pid 23098)
Compiled application.css  (1ms)  (pid 23098)
Compiled bootstrap-responsive.css  (0ms)  (pid 23098)
Compiled bootstrap.css  (0ms)  (pid 23098)
Compiled home.css  (4ms)  (pid 23098)
Compiled password_resets.css  (0ms)  (pid 23098)
Compiled sessions.css  (0ms)  (pid 23098)
Compiled users.css  (0ms)  (pid 23098)
Compiled application.js  (2ms)  (pid 23084)
Compiled jquery.js  (3ms)  (pid 23084)
Compiled jquery_ujs.js  (0ms)  (pid 23084)
Compiled bootstrap.js  (0ms)  (pid 23084)
Compiled home.js  (58ms)  (pid 23084)
Compiled password_resets.js  (0ms)  (pid 23084)
Compiled sessions.js  (0ms)  (pid 23084)
Compiled users.js  (1ms)  (pid 23084)
Compiled application.css  (2ms)  (pid 23084)
Compiled bootstrap-responsive.css  (0ms)  (pid 23084)
Compiled bootstrap.css  (0ms)  (pid 23084)
Compiled home.css  (4ms)  (pid 23084)
Compiled password_resets.css  (0ms)  (pid 23084)
Compiled sessions.css  (1ms)  (pid 23084)
Compiled users.css  (0ms)  (pid 23084)


Started GET "/" for 127.0.0.1 at 2012-09-09 01:58:44 +0400
  Processing by HomeController#wellcom as HTML
Rendered home/wellcom.html.erb within layouts/application (0.3ms)
Completed 200 OK in 60ms (Views: 49.4ms | ActiveRecord: 1.0ms)
